<?xml version="1.0" encoding="UTF-8"?>
<Site BuildName="Linux-c++"
	BuildStamp="20170927-0800-Experimental"
	Name="immogrande"
	Generator="ctest-3.8.2"
	CompilerName="/usr/bin/c++"
	CompilerVersion="6.4.0"
	OSName="Linux"
	Hostname="immogrande"
	OSRelease="4.12.14-21.current"
	OSVersion="#1 SMP Fri Sep 22 03:15:23 UTC 2017"
	OSPlatform="x86_64"
	Is64Bits="1"
	VendorString="GenuineIntel"
	VendorID="Intel Corporation"
	FamilyID="6"
	ModelID="142"
	ProcessorCacheSize="3072"
	NumberOfLogicalCPU="4"
	NumberOfPhysicalCPU="1"
	TotalVirtualMemory="3814"
	TotalPhysicalMemory="7931"
	LogicalProcessorsPerPhysical="4"
	ProcessorClockFrequency="3071.94"
	>
	<Testing>
		<StartDateTime>Sep 27 17:00 KST</StartDateTime>
		<StartTestTime>1506499246</StartTestTime>
		<TestList/>
		<EndDateTime>Sep 27 17:00 KST</EndDateTime>
		<EndTestTime>1506499246</EndTestTime>
		<ElapsedMinutes>0</ElapsedMinutes>
	</Testing>
</Site>
